<?xml version="1.0" encoding="UTF-8"?>
<!-- Generated by org.testng.reporters.JUnitXMLReporter -->
<testsuite hostname="DESKTOP-STL6G5G" ignored="0" name="Default test" tests="3" failures="0" timestamp="10 Apr 2020 13:12:22 GMT" time="13.94" errors="0">
  <testcase name="APITest" time="0.276" classname="com.microtest.tests.RequestExecutor"/>
  <testcase name="getAPITest" time="2.489" classname="com.microtest.tests.RequestExecutor"/>
  <testcase name="postAPITest" time="11.147" classname="com.microtest.tests.RequestExecutor"/>
</testsuite> <!-- Default test -->
