<?xml version="1.0" encoding="UTF-8"?>
<testng-results skipped="0" failed="0" ignored="0" total="3" passed="3">
  <reporter-output>
  </reporter-output>
  <suite name="Default suite" duration-ms="13940" started-at="2020-04-10T13:12:08Z" finished-at="2020-04-10T13:12:22Z">
    <groups>
    </groups>
    <test name="Default test" duration-ms="13940" started-at="2020-04-10T13:12:08Z" finished-at="2020-04-10T13:12:22Z">
      <class name="com.microtest.tests.RequestExecutor">
        <test-method status="PASS" signature="setUp()[pri:0, instance:com.microtest.tests.RequestExecutor@5542c4ed]" name="setUp" is-config="true" duration-ms="4" started-at="2020-04-10T13:12:08Z" finished-at="2020-04-10T13:12:08Z">
          <reporter-output>
          </reporter-output>
        </test-method> <!-- setUp -->
        <test-method status="PASS" signature="APITest()[pri:0, instance:com.microtest.tests.RequestExecutor@5542c4ed]" name="APITest" duration-ms="276" started-at="2020-04-10T13:12:08Z" finished-at="2020-04-10T13:12:09Z">
          <reporter-output>
          </reporter-output>
        </test-method> <!-- APITest -->
        <test-method status="PASS" signature="setUp()[pri:0, instance:com.microtest.tests.RequestExecutor@5542c4ed]" name="setUp" is-config="true" duration-ms="1" started-at="2020-04-10T13:12:09Z" finished-at="2020-04-10T13:12:09Z">
          <reporter-output>
          </reporter-output>
        </test-method> <!-- setUp -->
        <test-method status="PASS" signature="getAPITest()[pri:0, instance:com.microtest.tests.RequestExecutor@5542c4ed]" name="getAPITest" duration-ms="2489" started-at="2020-04-10T13:12:09Z" finished-at="2020-04-10T13:12:11Z">
          <reporter-output>
          </reporter-output>
        </test-method> <!-- getAPITest -->
        <test-method status="PASS" signature="setUp()[pri:0, instance:com.microtest.tests.RequestExecutor@5542c4ed]" name="setUp" is-config="true" duration-ms="1" started-at="2020-04-10T13:12:11Z" finished-at="2020-04-10T13:12:11Z">
          <reporter-output>
          </reporter-output>
        </test-method> <!-- setUp -->
        <test-method status="PASS" signature="postAPITest()[pri:0, instance:com.microtest.tests.RequestExecutor@5542c4ed]" name="postAPITest" duration-ms="11147" started-at="2020-04-10T13:12:11Z" finished-at="2020-04-10T13:12:22Z">
          <reporter-output>
          </reporter-output>
        </test-method> <!-- postAPITest -->
      </class> <!-- com.microtest.tests.RequestExecutor -->
    </test> <!-- Default test -->
  </suite> <!-- Default suite -->
</testng-results>
